<?xml version="1.0" encoding="ISO-8859-1"?>
<beans xmlns="http://www.springframework.org/schema/beans"
   xmlns:xsi="http://www.w3.org/2001/XMLSchema-instance"
   xmlns:aop="http://www.springframework.org/schema/aop"
   xmlns:tx="http://www.springframework.org/schema/tx"
   xmlns:context="http://www.springframework.org/schema/context"
   xmlns:jpa="http://www.springframework.org/schema/data/jpa"
   xmlns:mvc="http://www.springframework.org/schema/mvc"
   xsi:schemaLocation="
      http://www.springframework.org/schema/beans 
      http://www.springframework.org/schema/beans/spring-beans.xsd
      http://www.springframework.org/schema/aop 
	  http://www.springframework.org/schema/aop/spring-aop-3.2.xsd
      http://www.springframework.org/schema/tx 
      http://www.springframework.org/schema/tx/spring-tx-4.0.xsd
      http://www.springframework.org/schema/data/jpa
      http://www.springframework.org/schema/data/jpa/spring-jpa-1.2.xsd
      http://www.springframework.org/schema/context  
      http://www.springframework.org/schema/context/spring-context-4.0.xsd
      http://www.springframework.org/schema/mvc 
      http://www.springframework.org/schema/mvc/spring-mvc-4.0.xsd">
      
    <import resource="classpath*:META-INF/comum-context.xml" /> 	
    
    <import resource="classpath*:META-INF/core-context.xml" /> 	
	
	<context:component-scan base-package="br.com.servant" />
	
	<context:component-scan base-package="br.com.servant.test.comum" />
	
	<bean id="messageSource" class="org.springframework.context.support.ResourceBundleMessageSource">
		<property name="basenames" value="msg-negocio,scpa"></property>
	</bean>
	
	<bean id="dataSource"
          class="org.springframework.jdbc.datasource.DriverManagerDataSource">
        <property name="url" value="jdbc:h2:mem:rhDB;INIT=create schema if not exists RH\;create schema if not exists DBCORPORATIVO\;create schema if not exists DBGERAL\;create schema if not exists DBSISTRU;DB_CLOSE_ON_EXIT=TRUE;DB_CLOSE_DELAY=-1"/>
        <property name="username" value="sa"/>
        <property name="password" value="sa"/>
        <property name="driverClassName" value="org.h2.Driver"/>
    </bean>
    
    <bean id="entityManagerFactory"
        class="org.springframework.orm.jpa.LocalContainerEntityManagerFactoryBean">
        
        <property name="packagesToScan" value="br.com.servant.entidades" />
        <property name="dataSource" ref="dataSource" />
        <property name="jpaVendorAdapter">
			<bean class="org.springframework.orm.jpa.vendor.HibernateJpaVendorAdapter">
				<property name="showSql" value="false" />
				<property name="databasePlatform" value="org.hibernate.dialect.H2Dialect" />
			</bean>
		</property>
		<property name="jpaPropertyMap">
	        <map>
	            <entry key="hibernate.dialect" value="org.hibernate.dialect.H2Dialect" />
	            <entry key="hibernate.format_sql" value="true" />	
	            <entry key="hibernate.show_sql" value="true"/>	   
				<entry key="hibernate.default_schema" value="RH"/>
				<entry key="hibernate.hbm2ddl.auto" value="create-drop" />
	        </map>
    	</property>
    </bean>
    
    <bean id="transactionManager" class="org.springframework.orm.jpa.JpaTransactionManager">
        <property name="entityManagerFactory" ref="entityManagerFactory" />
    </bean>
    
	<tx:annotation-driven transaction-manager="transactionManager" order="1" />
	<bean class="org.springframework.orm.hibernate4.HibernateExceptionTranslator" />
	
	<!-- Spring Data -->
	<jpa:repositories base-package="br.com.servant.persistencia.repository" factory-class="br.gov.anvisa.base.core.repository.factory.ComumRepositoryFactoryBean" />
	
	<!-- Set Role do Oracle -->
	<bean name="databaseRoleEnabled" class="java.lang.Boolean">
        <constructor-arg>
            <value>false</value>
        </constructor-arg>
	</bean>
	
<!-- 	<import resource="classpath*:META-INF/saude-web-context.xml" />	 -->
	<context:component-scan base-package="br.gov.anvisa.base.web" />

	<context:component-scan base-package="br.com.servant.apresentacao" />
	
	<mvc:default-servlet-handler />
	<mvc:annotation-driven>
	    <mvc:argument-resolvers>
	        <bean class="br.gov.anvisa.base.web.processor.MethodProcessor">
	            <constructor-arg name="annotationNotRequired" value="true"/>
	        </bean>
	    </mvc:argument-resolvers>
	    <mvc:message-converters> 
			<bean
				class="org.springframework.http.converter.json.MappingJackson2HttpMessageConverter">
				<property name="objectMapper">
					<bean class="br.gov.anvisa.base.web.mapper.AwareObjectMapper" />
				</property>
				<!-- <property name="prefixJson" value="true" /> -->
				<!-- <property name="jsonPrefix" value=")]}',\n" /> -->
				
			</bean>
		</mvc:message-converters>
	</mvc:annotation-driven>

	<bean name="codigoSistemaPom" class="java.lang.String">
        <constructor-arg>
    	    <value>${sitema.codigo}</value>
        </constructor-arg>
    </bean>



<!-- 	<bean name="urlAcessoExterno" id="urlAcessoExterno" class="java.lang.String"> -->
<!-- 		<constructor-arg> -->
<!-- 			<value>${app.url.acesso.externo}</value> -->
<!-- 		</constructor-arg> -->
<!-- 	</bean> -->
	
	<import resource="classpath*:META-INF/security-context.xml"/>
	
</beans>